#
# There is insufficient memory for the Java Runtime Environment to continue.
# Native memory allocation (malloc) failed to allocate 1048576 bytes for AllocateHeap
# Possible reasons:
#   The system is out of physical RAM or swap space
#   In 32 bit mode, the process size limit was hit
# Possible solutions:
#   Reduce memory load on the system
#   Increase physical memory or swap space
#   Check if swap backing store is full
#   Use 64 bit Java on a 64 bit OS
#   Decrease Java heap size (-Xmx/-Xms)
#   Decrease number of Java threads
#   Decrease Java thread stack sizes (-Xss)
#   Set larger code cache with -XX:ReservedCodeCacheSize=
# This output file may be truncated or incomplete.
#
#  Out of Memory Error (memory/allocation.inline.hpp:61), pid=9044, tid=0x0000000000000ba4
#
# JRE version:  (8.0_111-b14) (build )
# Java VM: Java HotSpot(TM) 64-Bit Server VM (25.111-b14 mixed mode windows-amd64 compressed oops)
# Failed to write core dump. Minidumps are not enabled by default on client versions of Windows
#

---------------  T H R E A D  ---------------

Current thread (0x0000000002bb0800):  JavaThread "Unknown thread" [_thread_in_vm, id=2980, stack(0x0000000002a80000,0x0000000002b80000)]

Stack: [0x0000000002a80000,0x0000000002b80000]
[error occurred during error reporting (printing stack bounds), id 0xc0000005]

Native frames: (J=compiled Java code, j=interpreted, Vv=VM code, C=native code)


---------------  P R O C E S S  ---------------

Java Threads: ( => current thread )

Other Threads:

=>0x0000000002bb0800 (exited) JavaThread "Unknown thread" [_thread_in_vm, id=2980, stack(0x0000000002a80000,0x0000000002b80000)]

VM state:not at safepoint (normal execution)

VM Mutex/Monitor currently owned by a thread: None

Heap:
 PSYoungGen      total 38400K, used 665K [0x00000000d5f80000, 0x00000000d8a00000, 0x0000000100000000)
  eden space 33280K, 2% used [0x00000000d5f80000,0x00000000d6026670,0x00000000d8000000)
  from space 5120K, 0% used [0x00000000d8500000,0x00000000d8500000,0x00000000d8a00000)
  to   space 5120K, 0% used [0x00000000d8000000,0x00000000d8000000,0x00000000d8500000)
 ParOldGen       total 87552K, used 0K [0x0000000081e00000, 0x0000000087380000, 0x00000000d5f80000)
  object space 87552K, 0% used [0x0000000081e00000,0x0000000081e00000,0x0000000087380000)
 Metaspace       used 746K, capacity 4480K, committed 4480K, reserved 1056768K
  class space    used 75K, capacity 384K, committed 384K, reserved 1048576K

Card table byte_map: [0x0000000012070000,0x0000000012470000] byte_map_base: 0x0000000011c61000

Marking Bits: (ParMarkBitMap*) 0x0000000057e8a6c0
 Begin Bits: [0x0000000012f20000, 0x0000000014ea8000)
 End Bits:   [0x0000000014ea8000, 0x0000000016e30000)

Polling page: 0x0000000000e60000

CodeCache: size=245760Kb used=328Kb max_used=328Kb free=245431Kb
 bounds [0x0000000002cb0000, 0x0000000002f20000, 0x0000000011cb0000]
 total_blobs=58 nmethods=0 adapters=38
 compilation: enabled

Compilation events (0 events):
No events

GC Heap History (0 events):
No events

Deoptimization events (0 events):
No events

Internal exceptions (0 events):
No events

Events (10 events):
Event: 0.037 loading class java/lang/Short
Event: 0.037 loading class java/lang/Short done
Event: 0.037 loading class java/lang/Integer
Event: 0.037 loading class java/lang/Integer done
Event: 0.037 loading class java/lang/Long
Event: 0.038 loading class java/lang/Long done
Event: 0.039 loading class java/lang/NullPointerException
Event: 0.039 loading class java/lang/NullPointerException done
Event: 0.039 loading class java/lang/ArithmeticException
Event: 0.039 loading class java/lang/ArithmeticException done


Dynamic libraries:
0x00007ff6eb600000 - 0x00007ff6eb637000 	C:\Program Files\Java\jre1.8.0_111\bin\javaw.exe
0x00007ff985470000 - 0x00007ff985642000 	C:\WINDOWS\SYSTEM32\ntdll.dll
0x00007ff982e70000 - 0x00007ff982f1c000 	C:\WINDOWS\System32\KERNEL32.DLL
0x00007ff9821e0000 - 0x00007ff9823fd000 	C:\WINDOWS\System32\KERNELBASE.dll
0x00007ff984fd0000 - 0x00007ff985072000 	C:\WINDOWS\System32\ADVAPI32.dll
0x00007ff985120000 - 0x00007ff9851be000 	C:\WINDOWS\System32\msvcrt.dll
0x00007ff982ca0000 - 0x00007ff982cf9000 	C:\WINDOWS\System32\sechost.dll
0x00007ff983350000 - 0x00007ff983471000 	C:\WINDOWS\System32\RPCRT4.dll
0x00007ff982d00000 - 0x00007ff982e65000 	C:\WINDOWS\System32\USER32.dll
0x00007ff981970000 - 0x00007ff98198e000 	C:\WINDOWS\System32\win32u.dll
0x00007ff982a00000 - 0x00007ff982a34000 	C:\WINDOWS\System32\GDI32.dll
0x00007ff982780000 - 0x00007ff982900000 	C:\WINDOWS\System32\gdi32full.dll
0x00007ff97a920000 - 0x00007ff97ab9a000 	C:\WINDOWS\WinSxS\amd64_microsoft.windows.common-controls_6595b64144ccf1df_6.0.14393.953_none_42151e83c686086b\COMCTL32.dll
0x00007ff984b40000 - 0x00007ff984e08000 	C:\WINDOWS\System32\combase.dll
0x00007ff9825d0000 - 0x00007ff9826c5000 	C:\WINDOWS\System32\ucrtbase.dll
0x00007ff981990000 - 0x00007ff9819fa000 	C:\WINDOWS\System32\bcryptPrimitives.dll
0x00007ff985370000 - 0x00007ff98539e000 	C:\WINDOWS\System32\IMM32.DLL
0x00000000574c0000 - 0x0000000057592000 	C:\Program Files\Java\jre1.8.0_111\bin\msvcr100.dll
0x0000000057670000 - 0x0000000057f0a000 	C:\Program Files\Java\jre1.8.0_111\bin\server\jvm.dll
0x00007ff984ab0000 - 0x00007ff984ab8000 	C:\WINDOWS\System32\PSAPI.DLL
0x00007ff97eb40000 - 0x00007ff97eb49000 	C:\WINDOWS\SYSTEM32\WSOCK32.dll
0x00007ff97b0b0000 - 0x00007ff97b0ba000 	C:\WINDOWS\SYSTEM32\VERSION.dll
0x00007ff97f7c0000 - 0x00007ff97f7e3000 	C:\WINDOWS\SYSTEM32\WINMM.dll
0x00007ff984f60000 - 0x00007ff984fca000 	C:\WINDOWS\System32\WS2_32.dll
0x00000000029d0000 - 0x00000000029fb000 	C:\WINDOWS\SYSTEM32\WINMMBASE.dll
0x00007ff9829b0000 - 0x00007ff9829f2000 	C:\WINDOWS\System32\cfgmgr32.dll
0x0000000057660000 - 0x000000005766f000 	C:\Program Files\Java\jre1.8.0_111\bin\verify.dll
0x0000000057630000 - 0x0000000057659000 	C:\Program Files\Java\jre1.8.0_111\bin\java.dll
0x0000000057610000 - 0x0000000057626000 	C:\Program Files\Java\jre1.8.0_111\bin\zip.dll

VM Arguments:
jvm_args: -Dfile.encoding=Cp1252 
java_command: controlledAssessment.mainApp
java_class_path (initial): C:\Users\James\workspace\controlledAssessment\bin
Launcher Type: SUN_STANDARD

Environment Variables:
PATH=C:/Program Files/Java/jre1.8.0_111/bin/server;C:/Program Files/Java/jre1.8.0_111/bin;C:/Program Files/Java/jre1.8.0_111/lib/amd64;c:\programdata\oracle\java\javapath;c:\program files (x86)\intel\icls client\;c:\program files\intel\icls client\;c:\windows\system32;c:\windows;c:\windows\system32\wbem;c:\windows\system32\windowspowershell\v1.0\;c:\program files (x86)\intel\intel(r) management engine components\dal;c:\program files\intel\intel(r) management engine components\dal;c:\program files (x86)\intel\intel(r) management engine components\ipt;c:\program files\intel\intel(r) management engine components\ipt;c:\windows\system32;c:\windows;c:\windows\system32\wbem;c:\windows\system32\windowspowershell\v1.0\;c:\program files\intel\wifi\bin\;c:\program files\common files\intel\wirelesscommon\;c:\program files (x86)\gtksharp\2.12\bin;C:\Program Files (x86)\NVIDIA Corporation\PhysX\Common;C:\Users\James\AppData\Local\Microsoft\WindowsApps;;C:\Users\James\Desktop;
USERNAME=James
OS=Windows_NT
PROCESSOR_IDENTIFIER=Intel64 Family 6 Model 94 Stepping 3, GenuineIntel



---------------  S Y S T E M  ---------------

OS: Windows 10.0 , 64 bit Build 14393 (10.0.14393.1198)

CPU:total 8 (4 cores per cpu, 2 threads per core) family 6 model 94 stepping 3, cmov, cx8, fxsr, mmx, sse, sse2, sse3, ssse3, sse4.1, sse4.2, popcnt, avx, avx2, aes, clmul, erms, rtm, 3dnowpref, lzcnt, ht, tsc, tscinvbit, bmi1, bmi2, adx

Memory: 4k page, physical 8258516k(3965344k free), swap 10208212k(5308k free)

vm_info: Java HotSpot(TM) 64-Bit Server VM (25.111-b14) for windows-amd64 JRE (1.8.0_111-b14), built on Sep 22 2016 19:24:05 by "java_re" with MS VC++ 10.0 (VS2010)

time: Tue Sep 12 22:13:01 2017
elapsed time: 0 seconds (0d 0h 0m 0s)

